execve("./program1", ["./program1"], 0x7ffd036373f0 /* 32 vars */) = 0
brk(NULL)                               = 0xc8f3000
mmap(NULL, 8192, PROT_READ|PROT_WRITE, MAP_PRIVATE|MAP_ANONYMOUS, -1, 0) = 0x761269297000
access("/etc/ld.so.preload", R_OK)      = -1 ENOENT (No such file or directory)
openat(AT_FDCWD, "./lib1/glibc-hwcaps/x86-64-v3/libimpl1.so", O_RDONLY|O_CLOEXEC) = -1 ENOENT (No such file or directory)
openat(AT_FDCWD, "./lib1/glibc-hwcaps/x86-64-v2/libimpl1.so", O_RDONLY|O_CLOEXEC) = -1 ENOENT (No such file or directory)
openat(AT_FDCWD, "./lib1/libimpl1.so", O_RDONLY|O_CLOEXEC) = 3
read(3, "\177ELF\2\1\1\0\0\0\0\0\0\0\0\0\3\0>\0\1\0\0\0\0\0\0\0\0\0\0\0"..., 832) = 832
fstat(3, {st_mode=S_IFREG|0755, st_size=15376, ...}) = 0
getcwd("/workspaces/OS/Lab4-18", 128)   = 23
mmap(NULL, 16416, PROT_READ, MAP_PRIVATE|MAP_DENYWRITE, 3, 0) = 0x761269292000
mmap(0x761269293000, 4096, PROT_READ|PROT_EXEC, MAP_PRIVATE|MAP_FIXED|MAP_DENYWRITE, 3, 0x1000) = 0x761269293000
mmap(0x761269294000, 4096, PROT_READ, MAP_PRIVATE|MAP_FIXED|MAP_DENYWRITE, 3, 0x2000) = 0x761269294000
mmap(0x761269295000, 8192, PROT_READ|PROT_WRITE, MAP_PRIVATE|MAP_FIXED|MAP_DENYWRITE, 3, 0x2000) = 0x761269295000
close(3)                                = 0
openat(AT_FDCWD, "./lib1/glibc-hwcaps/x86-64-v3/libm.so.6", O_RDONLY|O_CLOEXEC) = -1 ENOENT (No such file or directory)
openat(AT_FDCWD, "./lib1/glibc-hwcaps/x86-64-v2/libm.so.6", O_RDONLY|O_CLOEXEC) = -1 ENOENT (No such file or directory)
openat(AT_FDCWD, "./lib1/libm.so.6", O_RDONLY|O_CLOEXEC) = -1 ENOENT (No such file or directory)
openat(AT_FDCWD, "/etc/ld.so.cache", O_RDONLY|O_CLOEXEC) = 3
fstat(3, {st_mode=S_IFREG|0644, st_size=31311, ...}) = 0
mmap(NULL, 31311, PROT_READ, MAP_PRIVATE, 3, 0) = 0x76126928a000
close(3)                                = 0
openat(AT_FDCWD, "/lib/x86_64-linux-gnu/libm.so.6", O_RDONLY|O_CLOEXEC) = 3
read(3, "\177ELF\2\1\1\3\0\0\0\0\0\0\0\0\3\0>\0\1\0\0\0\0\0\0\0\0\0\0\0"..., 832) = 832
fstat(3, {st_mode=S_IFREG|0644, st_size=977112, ...}) = 0
mmap(NULL, 978968, PROT_READ, MAP_PRIVATE|MAP_DENYWRITE, 3, 0) = 0x76126919a000
mmap(0x7612691ab000, 512000, PROT_READ|PROT_EXEC, MAP_PRIVATE|MAP_FIXED|MAP_DENYWRITE, 3, 0x11000) = 0x7612691ab000
mmap(0x761269228000, 393216, PROT_READ, MAP_PRIVATE|MAP_FIXED|MAP_DENYWRITE, 3, 0x8e000) = 0x761269228000
mmap(0x761269288000, 8192, PROT_READ|PROT_WRITE, MAP_PRIVATE|MAP_FIXED|MAP_DENYWRITE, 3, 0xed000) = 0x761269288000
close(3)                                = 0
openat(AT_FDCWD, "./lib1/glibc-hwcaps/x86-64-v3/libc.so.6", O_RDONLY|O_CLOEXEC) = -1 ENOENT (No such file or directory)
openat(AT_FDCWD, "./lib1/glibc-hwcaps/x86-64-v2/libc.so.6", O_RDONLY|O_CLOEXEC) = -1 ENOENT (No such file or directory)
openat(AT_FDCWD, "./lib1/libc.so.6", O_RDONLY|O_CLOEXEC) = -1 ENOENT (No such file or directory)
openat(AT_FDCWD, "/lib/x86_64-linux-gnu/libc.so.6", O_RDONLY|O_CLOEXEC) = 3
read(3, "\177ELF\2\1\1\3\0\0\0\0\0\0\0\0\3\0>\0\1\0\0\0p\236\2\0\0\0\0\0"..., 832) = 832
pread64(3, "\6\0\0\0\4\0\0\0@\0\0\0\0\0\0\0@\0\0\0\0\0\0\0@\0\0\0\0\0\0\0"..., 840, 64) = 840
fstat(3, {st_mode=S_IFREG|0755, st_size=2003408, ...}) = 0
pread64(3, "\6\0\0\0\4\0\0\0@\0\0\0\0\0\0\0@\0\0\0\0\0\0\0@\0\0\0\0\0\0\0"..., 840, 64) = 840
mmap(NULL, 2055800, PROT_READ, MAP_PRIVATE|MAP_DENYWRITE, 3, 0) = 0x761268fa4000
mmap(0x761268fcc000, 1462272, PROT_READ|PROT_EXEC, MAP_PRIVATE|MAP_FIXED|MAP_DENYWRITE, 3, 0x28000) = 0x761268fcc000
mmap(0x761269131000, 352256, PROT_READ, MAP_PRIVATE|MAP_FIXED|MAP_DENYWRITE, 3, 0x18d000) = 0x761269131000
mmap(0x761269187000, 24576, PROT_READ|PROT_WRITE, MAP_PRIVATE|MAP_FIXED|MAP_DENYWRITE, 3, 0x1e2000) = 0x761269187000
mmap(0x76126918d000, 52856, PROT_READ|PROT_WRITE, MAP_PRIVATE|MAP_FIXED|MAP_ANONYMOUS, -1, 0) = 0x76126918d000
close(3)                                = 0
mmap(NULL, 12288, PROT_READ|PROT_WRITE, MAP_PRIVATE|MAP_ANONYMOUS, -1, 0) = 0x761268fa1000
arch_prctl(ARCH_SET_FS, 0x761268fa1740) = 0
set_tid_address(0x761268fa1a10)         = 15740
set_robust_list(0x761268fa1a20, 24)     = 0
rseq(0x761268fa1680, 0x20, 0, 0x53053053) = 0
mprotect(0x761269187000, 16384, PROT_READ) = 0
mprotect(0x761269288000, 4096, PROT_READ) = 0
mprotect(0x761269295000, 4096, PROT_READ) = 0
mprotect(0x403000, 4096, PROT_READ)     = 0
mprotect(0x7612692cd000, 8192, PROT_READ) = 0
prlimit64(0, RLIMIT_STACK, NULL, {rlim_cur=8192*1024, rlim_max=RLIM64_INFINITY}) = 0
munmap(0x76126928a000, 31311)           = 0
fstat(1, {st_mode=S_IFCHR|0620, st_rdev=makedev(0x88, 0), ...}) = 0
getrandom("\xf8\x14\x5e\x88\xc5\xd6\x83\xb4", 8, GRND_NONBLOCK) = 8
brk(NULL)                               = 0xc8f3000
brk(0xc914000)                          = 0xc914000
write(1, "Program1 (static linking)\n", 26) = 26
write(1, "\n", 1)                       = 1
write(1, "Commands:\n", 10)             = 10
write(1, " -1        -> exit\n", 19)    = 19
write(1, " 1 A B     -> PrimeCount\n", 25) = 25
write(1, " 2 X       -> E\n", 16)       = 16
fstat(0, {st_mode=S_IFCHR|0620, st_rdev=makedev(0x88, 0), ...}) = 0
write(1, "> ", 2)                       = 2
read(0, "1 993 1337\n", 1024)           = 11
write(1, "PrimeCount(993, 1337) = 50\n", 27) = 27
write(1, "\n", 1)                       = 1
write(1, "Commands:\n", 10)             = 10
write(1, " -1        -> exit\n", 19)    = 19
write(1, " 1 A B     -> PrimeCount\n", 25) = 25
write(1, " 2 X       -> E\n", 16)       = 16
write(1, "> ", 2)                       = 2
read(0, "2 5252\n", 1024)               = 7
write(1, "E(5252) = 2.718023\n", 19)    = 19
write(1, "\n", 1)                       = 1
write(1, "Commands:\n", 10)             = 10
write(1, " -1        -> exit\n", 19)    = 19
write(1, " 1 A B     -> PrimeCount\n", 25) = 25
write(1, " 2 X       -> E\n", 16)       = 16
write(1, "> ", 2)                       = 2
read(0, "-1\n", 1024)                   = 3
write(1, "Program1 terminated\n", 20)   = 20
exit_group(0)                           = ?
+++ exited with 0 +++
