6245  execve("./parent", ["./parent"], 0x7fff7e5fa718 /* 30 vars */) = 0
6245  brk(NULL)                         = 0x732b000
6245  mmap(NULL, 8192, PROT_READ|PROT_WRITE, MAP_PRIVATE|MAP_ANONYMOUS, -1, 0) = 0x7eb6756c7000
6245  access("/etc/ld.so.preload", R_OK) = -1 ENOENT (No such file or directory)
6245  openat(AT_FDCWD, "/etc/ld.so.cache", O_RDONLY|O_CLOEXEC) = 3
6245  fstat(3, {st_mode=S_IFREG|0644, st_size=29003, ...}) = 0
6245  mmap(NULL, 29003, PROT_READ, MAP_PRIVATE, 3, 0) = 0x7eb6756bf000
6245  close(3)                          = 0
6245  openat(AT_FDCWD, "/lib/x86_64-linux-gnu/libc.so.6", O_RDONLY|O_CLOEXEC) = 3
6245  read(3, "\177ELF\2\1\1\3\0\0\0\0\0\0\0\0\3\0>\0\1\0\0\0p\236\2\0\0\0\0\0"..., 832) = 832
6245  pread64(3, "\6\0\0\0\4\0\0\0@\0\0\0\0\0\0\0@\0\0\0\0\0\0\0@\0\0\0\0\0\0\0"..., 840, 64) = 840
6245  fstat(3, {st_mode=S_IFREG|0755, st_size=2003408, ...}) = 0
6245  pread64(3, "\6\0\0\0\4\0\0\0@\0\0\0\0\0\0\0@\0\0\0\0\0\0\0@\0\0\0\0\0\0\0"..., 840, 64) = 840
6245  mmap(NULL, 2055800, PROT_READ, MAP_PRIVATE|MAP_DENYWRITE, 3, 0) = 0x7eb6754c9000
6245  mmap(0x7eb6754f1000, 1462272, PROT_READ|PROT_EXEC, MAP_PRIVATE|MAP_FIXED|MAP_DENYWRITE, 3, 0x28000) = 0x7eb6754f1000
6245  mmap(0x7eb675656000, 352256, PROT_READ, MAP_PRIVATE|MAP_FIXED|MAP_DENYWRITE, 3, 0x18d000) = 0x7eb675656000
6245  mmap(0x7eb6756ac000, 24576, PROT_READ|PROT_WRITE, MAP_PRIVATE|MAP_FIXED|MAP_DENYWRITE, 3, 0x1e2000) = 0x7eb6756ac000
6245  mmap(0x7eb6756b2000, 52856, PROT_READ|PROT_WRITE, MAP_PRIVATE|MAP_FIXED|MAP_ANONYMOUS, -1, 0) = 0x7eb6756b2000
6245  close(3)                          = 0
6245  mmap(NULL, 12288, PROT_READ|PROT_WRITE, MAP_PRIVATE|MAP_ANONYMOUS, -1, 0) = 0x7eb6754c6000
6245  arch_prctl(ARCH_SET_FS, 0x7eb6754c6740) = 0
6245  set_tid_address(0x7eb6754c6a10)   = 6245
6245  set_robust_list(0x7eb6754c6a20, 24) = 0
6245  rseq(0x7eb6754c6680, 0x20, 0, 0x53053053) = 0
6245  mprotect(0x7eb6756ac000, 16384, PROT_READ) = 0
6245  mprotect(0x403000, 4096, PROT_READ) = 0
6245  mprotect(0x7eb6756fd000, 8192, PROT_READ) = 0
6245  prlimit64(0, RLIMIT_STACK, NULL, {rlim_cur=8192*1024, rlim_max=RLIM64_INFINITY}) = 0
6245  munmap(0x7eb6756bf000, 29003)     = 0
6245  pipe2([3, 4], 0)                  = 0
6245  fstat(1, {st_mode=S_IFCHR|0620, st_rdev=makedev(0x88, 0), ...}) = 0
6245  getrandom("\x68\xe5\x65\xe1\x74\x75\xcd\x33", 8, GRND_NONBLOCK) = 8
6245  brk(NULL)                         = 0x732b000
6245  brk(0x734c000)                    = 0x734c000
6245  fstat(0, {st_mode=S_IFCHR|0620, st_rdev=makedev(0x88, 0), ...}) = 0
6245  write(1, "\320\222\320\262\320\265\320\264\320\270\321\202\320\265 \320\270\320\274\321\217 \321\204\320\260\320\271\320\273\320\260"..., 34) = 34
6245  read(0, "output\n", 1024)         = 7
6245  openat(AT_FDCWD, "output", O_WRONLY|O_CREAT|O_TRUNC, 0644) = 5
6245  rt_sigprocmask(SIG_BLOCK, ~[], [], 8) = 0
6245  clone(child_stack=NULL, flags=CLONE_CHILD_CLEARTID|CLONE_CHILD_SETTID|SIGCHLD, child_tidptr=0x7eb6754c6a10) = 6280
6280  set_robust_list(0x7eb6754c6a20, 24 <unfinished ...>
6245  rt_sigprocmask(SIG_SETMASK, [],  <unfinished ...>
6280  <... set_robust_list resumed>)    = 0
6245  <... rt_sigprocmask resumed>NULL, 8) = 0
6280  rt_sigprocmask(SIG_SETMASK, [],  <unfinished ...>
6245  close(3 <unfinished ...>
6280  <... rt_sigprocmask resumed>NULL, 8) = 0
6245  <... close resumed>)              = 0
6280  dup2(3, 0 <unfinished ...>
6245  close(5 <unfinished ...>
6280  <... dup2 resumed>)               = 0
6245  <... close resumed>)              = 0
6280  close(3 <unfinished ...>
6245  write(1, "\320\222\320\262\320\265\320\264\320\270\321\202\320\265 \321\207\320\270\321\201\320\273\320\260 (\321\207\320\265\321"..., 92 <unfinished ...>
6280  <... close resumed>)              = 0
6245  <... write resumed>)              = 92
6280  close(4 <unfinished ...>
6245  read(0,  <unfinished ...>
6280  <... close resumed>)              = 0
6280  dup2(5, 1)                        = 1
6280  close(5)                          = 0
6280  execve("./child", ["child"], 0x7ffc52eb7998 /* 30 vars */) = 0
6280  brk(NULL)                         = 0x1f0ea000
6280  mmap(NULL, 8192, PROT_READ|PROT_WRITE, MAP_PRIVATE|MAP_ANONYMOUS, -1, 0) = 0x70050aa8d000
6280  access("/etc/ld.so.preload", R_OK) = -1 ENOENT (No such file or directory)
6280  openat(AT_FDCWD, "/etc/ld.so.cache", O_RDONLY|O_CLOEXEC) = 3
6280  fstat(3, {st_mode=S_IFREG|0644, st_size=29003, ...}) = 0
6280  mmap(NULL, 29003, PROT_READ, MAP_PRIVATE, 3, 0) = 0x70050aa85000
6280  close(3)                          = 0
6280  openat(AT_FDCWD, "/lib/x86_64-linux-gnu/libc.so.6", O_RDONLY|O_CLOEXEC) = 3
6280  read(3, "\177ELF\2\1\1\3\0\0\0\0\0\0\0\0\3\0>\0\1\0\0\0p\236\2\0\0\0\0\0"..., 832) = 832
6280  pread64(3, "\6\0\0\0\4\0\0\0@\0\0\0\0\0\0\0@\0\0\0\0\0\0\0@\0\0\0\0\0\0\0"..., 840, 64) = 840
6280  fstat(3, {st_mode=S_IFREG|0755, st_size=2003408, ...}) = 0
6280  pread64(3, "\6\0\0\0\4\0\0\0@\0\0\0\0\0\0\0@\0\0\0\0\0\0\0@\0\0\0\0\0\0\0"..., 840, 64) = 840
6280  mmap(NULL, 2055800, PROT_READ, MAP_PRIVATE|MAP_DENYWRITE, 3, 0) = 0x70050a88f000
6280  mmap(0x70050a8b7000, 1462272, PROT_READ|PROT_EXEC, MAP_PRIVATE|MAP_FIXED|MAP_DENYWRITE, 3, 0x28000) = 0x70050a8b7000
6280  mmap(0x70050aa1c000, 352256, PROT_READ, MAP_PRIVATE|MAP_FIXED|MAP_DENYWRITE, 3, 0x18d000) = 0x70050aa1c000
6280  mmap(0x70050aa72000, 24576, PROT_READ|PROT_WRITE, MAP_PRIVATE|MAP_FIXED|MAP_DENYWRITE, 3, 0x1e2000) = 0x70050aa72000
6280  mmap(0x70050aa78000, 52856, PROT_READ|PROT_WRITE, MAP_PRIVATE|MAP_FIXED|MAP_ANONYMOUS, -1, 0) = 0x70050aa78000
6280  close(3)                          = 0
6280  mmap(NULL, 12288, PROT_READ|PROT_WRITE, MAP_PRIVATE|MAP_ANONYMOUS, -1, 0) = 0x70050a88c000
6280  arch_prctl(ARCH_SET_FS, 0x70050a88c740) = 0
6280  set_tid_address(0x70050a88ca10)   = 6280
6280  set_robust_list(0x70050a88ca20, 24) = 0
6280  rseq(0x70050a88c680, 0x20, 0, 0x53053053) = 0
6280  mprotect(0x70050aa72000, 16384, PROT_READ) = 0
6280  mprotect(0x403000, 4096, PROT_READ) = 0
6280  mprotect(0x70050aac3000, 8192, PROT_READ) = 0
6280  prlimit64(0, RLIMIT_STACK, NULL, {rlim_cur=8192*1024, rlim_max=RLIM64_INFINITY}) = 0
6280  munmap(0x70050aa85000, 29003)     = 0
6280  read(0,  <unfinished ...>
6245  <... read resumed>"1337 5252 99\n", 1024) = 13
6245  write(4, "\0 \247D", 4)           = 4
6280  <... read resumed>"\0 \247D", 4)  = 4
6245  write(4, "\0 \244E", 4 <unfinished ...>
6280  write(2, "\320\237\320\276\320\273\321\203\321\207\320\265\320\275\320\276 \321\207\320\270\321\201\320\273\320\276 1: 1"..., 43 <unfinished ...>
6245  <... write resumed>)              = 4
6280  <... write resumed>)              = 43
6245  write(4, "\0\0\306B", 4 <unfinished ...>
6280  read(0,  <unfinished ...>
6245  <... write resumed>)              = 4
6280  <... read resumed>"\0 \244E", 4)  = 4
6245  write(1, "\320\236\321\202\320\277\321\200\320\260\320\262\320\273\320\265\320\275\320\276 \321\207\320\270\321\201\320\265\320\273:"..., 35 <unfinished ...>
6280  write(2, "\320\237\320\276\320\273\321\203\321\207\320\265\320\275\320\276 \321\207\320\270\321\201\320\273\320\276 2: 5"..., 43 <unfinished ...>
6245  <... write resumed>)              = 35
6280  <... write resumed>)              = 43
6245  close(4 <unfinished ...>
6280  read(0,  <unfinished ...>
6245  <... close resumed>)              = 0
6280  <... read resumed>"\0\0\306B", 4) = 4
6245  wait4(-1,  <unfinished ...>
6280  write(2, "\320\237\320\276\320\273\321\203\321\207\320\265\320\275\320\276 \321\207\320\270\321\201\320\273\320\276 3: 9"..., 41) = 41
6280  read(0, "", 4)                    = 0
6280  read(0, "", 4)                    = 0
6280  fstat(1, {st_mode=S_IFREG|0644, st_size=0, ...}) = 0
6280  getrandom("\x74\x6b\x75\xbe\x1e\xa0\x0b\x2e", 8, GRND_NONBLOCK) = 8
6280  brk(NULL)                         = 0x1f0ea000
6280  brk(0x1f10b000)                   = 0x1f10b000
6280  write(2, "\33[32mOK\n\33[0m", 12) = 12
6280  write(1, "\320\240\320\265\320\267\321\203\320\273\321\214\321\202\320\260\321\202 = 0.002571\n", 30) = 30
6280  exit_group(0)                     = ?
6280  +++ exited with 0 +++
6245  <... wait4 resumed>NULL, 0, NULL) = 6280
6245  --- SIGCHLD {si_signo=SIGCHLD, si_code=CLD_EXITED, si_pid=6280, si_uid=0, si_status=0, si_utime=0, si_stime=0} ---
6245  exit_group(0)                     = ?
6245  +++ exited with 0 +++
